<?xml version="1.0" encoding="UTF-8"?>
<testsuite xmlns:xsi="http://www.w3.org/2001/XMLSchema-instance" xsi:noNamespaceSchemaLocation="https://maven.apache.org/surefire/maven-surefire-plugin/xsd/surefire-test-report-3.0.xsd" version="3.0" name="com.example.youDo.YouDoApplicationTests" time="3.887" tests="1" errors="0" skipped="0" failures="0">
  <properties>
[...]
</properties>
  <testcase name="contextLoads" classname="com.example.youDo.YouDoApplicationTests" time="0.929">
    <system-out><![CDATA[18:29:05.860 [main] INFO org.springframework.test.context.support.AnnotationConfigContextLoaderUtils -- Could not detect default configuration classes for test class [com.example.youDo.YouDoApplicationTests]: YouDoApplicationTests does not declare any static, non-private, non-final, nested classes annotated with @Configuration.
18:29:05.966 [main] INFO org.springframework.boot.test.context.SpringBootTestContextBootstrapper -- Found @SpringBootConfiguration com.example.youDo.YouDoApplication for test class com.example.youDo.YouDoApplicationTests

  .   ____          _            __ _ _
 /\\ / ___'_ __ _ _(_)_ __  __ _ \ \ \ \
( ( )\___ | '_ | '_| | '_ \/ _` | \ \ \ \
 \\/  ___)| |_)| | | | | || (_| |  ) ) ) )
  '  |____| .__|_| |_|_| |_\__, | / / / /
 =========|_|==============|___/=/_/_/_/
 :: Spring Boot ::                (v3.2.0)

2023-12-17T18:29:06.365+05:30  INFO 17068 --- [           main] c.example.youDo.YouDoApplicationTests    : Starting YouDoApplicationTests using Java 19.0.1 with PID 17068 (started by RYZEN in C:\Users\RYZEN\Desktop\youDo-backend)
2023-12-17T18:29:06.366+05:30  INFO 17068 --- [           main] c.example.youDo.YouDoApplicationTests    : No active profile set, falling back to 1 default profile: "default"
2023-12-17T18:29:07.020+05:30  INFO 17068 --- [           main] .s.d.r.c.RepositoryConfigurationDelegate : Bootstrapping Spring Data MongoDB repositories in DEFAULT mode.
2023-12-17T18:29:07.074+05:30  INFO 17068 --- [           main] .s.d.r.c.RepositoryConfigurationDelegate : Finished Spring Data repository scanning in 48 ms. Found 1 MongoDB repository interface.
2023-12-17T18:29:07.629+05:30  INFO 17068 --- [           main] org.mongodb.driver.client                : MongoClient with metadata {"driver": {"name": "mongo-java-driver|sync|spring-boot", "version": "4.11.1"}, "os": {"type": "Windows", "name": "Windows 10", "architecture": "amd64", "version": "10.0"}, "platform": "Java/Oracle Corporation/19.0.1+10-21"} created with settings MongoClientSettings{readPreference=primary, writeConcern=WriteConcern{w=majority, wTimeout=null ms, journal=null}, retryWrites=true, retryReads=true, readConcern=ReadConcern{level=null}, credential=MongoCredential{mechanism=null, userName='kishore', source='admin', password=<hidden>, mechanismProperties=<hidden>}, transportSettings=null, streamFactoryFactory=null, commandListeners=[], codecRegistry=ProvidersCodecRegistry{codecProviders=[ValueCodecProvider{}, BsonValueCodecProvider{}, DBRefCodecProvider{}, DBObjectCodecProvider{}, DocumentCodecProvider{}, CollectionCodecProvider{}, IterableCodecProvider{}, MapCodecProvider{}, GeoJsonCodecProvider{}, GridFSFileCodecProvider{}, Jsr310CodecProvider{}, JsonObjectCodecProvider{}, BsonCodecProvider{}, EnumCodecProvider{}, com.mongodb.client.model.mql.ExpressionCodecProvider@68699afc, com.mongodb.Jep395RecordCodecProvider@273a5a8a, com.mongodb.KotlinCodecProvider@1823b9c4]}, loggerSettings=LoggerSettings{maxDocumentLength=1000}, clusterSettings={hosts=[127.0.0.1:27017], srvHost=youdo.wckhfha.mongodb.net, srvServiceName=mongodb, mode=MULTIPLE, requiredClusterType=REPLICA_SET, requiredReplicaSetName='atlas-li7hrd-shard-0', serverSelector='null', clusterListeners='[]', serverSelectionTimeout='30000 ms', localThreshold='15 ms'}, socketSettings=SocketSettings{connectTimeoutMS=10000, readTimeoutMS=0, receiveBufferSize=0, proxySettings=ProxySettings{host=null, port=null, username=null, password=null}}, heartbeatSocketSettings=SocketSettings{connectTimeoutMS=10000, readTimeoutMS=10000, receiveBufferSize=0, proxySettings=ProxySettings{host=null, port=null, username=null, password=null}}, connectionPoolSettings=ConnectionPoolSettings{maxSize=100, minSize=0, maxWaitTimeMS=120000, maxConnectionLifeTimeMS=0, maxConnectionIdleTimeMS=0, maintenanceInitialDelayMS=0, maintenanceFrequencyMS=60000, connectionPoolListeners=[], maxConnecting=2}, serverSettings=ServerSettings{heartbeatFrequencyMS=10000, minHeartbeatFrequencyMS=500, serverListeners='[]', serverMonitorListeners='[]'}, sslSettings=SslSettings{enabled=true, invalidHostNameAllowed=false, context=null}, applicationName='null', compressorList=[], uuidRepresentation=JAVA_LEGACY, serverApi=null, autoEncryptionSettings=null, dnsClient=null, inetAddressResolver=null, contextProvider=null}
2023-12-17T18:29:07.704+05:30  INFO 17068 --- [fha.mongodb.net] org.mongodb.driver.cluster               : Adding discovered server ac-wujk5gc-shard-00-01.wckhfha.mongodb.net:27017 to client view of cluster
2023-12-17T18:29:07.728+05:30  INFO 17068 --- [fha.mongodb.net] org.mongodb.driver.cluster               : Adding discovered server ac-wujk5gc-shard-00-00.wckhfha.mongodb.net:27017 to client view of cluster
2023-12-17T18:29:07.732+05:30  INFO 17068 --- [fha.mongodb.net] org.mongodb.driver.cluster               : Adding discovered server ac-wujk5gc-shard-00-02.wckhfha.mongodb.net:27017 to client view of cluster
2023-12-17T18:29:08.337+05:30  INFO 17068 --- [ngodb.net:27017] org.mongodb.driver.cluster               : Monitor thread successfully connected to server with description ServerDescription{address=ac-wujk5gc-shard-00-01.wckhfha.mongodb.net:27017, type=REPLICA_SET_SECONDARY, state=CONNECTED, ok=true, minWireVersion=0, maxWireVersion=17, maxDocumentSize=16777216, logicalSessionTimeoutMinutes=30, roundTripTimeNanos=318819600, setName='atlas-li7hrd-shard-0', canonicalAddress=ac-wujk5gc-shard-00-01.wckhfha.mongodb.net:27017, hosts=[ac-wujk5gc-shard-00-00.wckhfha.mongodb.net:27017, ac-wujk5gc-shard-00-02.wckhfha.mongodb.net:27017, ac-wujk5gc-shard-00-01.wckhfha.mongodb.net:27017], passives=[], arbiters=[], primary='ac-wujk5gc-shard-00-02.wckhfha.mongodb.net:27017', tagSet=TagSet{[Tag{name='availabilityZone', value='aps1-az3'}, Tag{name='nodeType', value='ELECTABLE'}, Tag{name='provider', value='AWS'}, Tag{name='region', value='AP_SOUTH_1'}, Tag{name='workloadType', value='OPERATIONAL'}]}, electionId=null, setVersion=4, topologyVersion=TopologyVersion{processId=65799bf57fa4b83cc361d95e, counter=4}, lastWriteDate=Sun Dec 17 18:29:08 IST 2023, lastUpdateTimeNanos=118687119758900}
2023-12-17T18:29:08.339+05:30  INFO 17068 --- [ngodb.net:27017] org.mongodb.driver.cluster               : Monitor thread successfully connected to server with description ServerDescription{address=ac-wujk5gc-shard-00-00.wckhfha.mongodb.net:27017, type=REPLICA_SET_SECONDARY, state=CONNECTED, ok=true, minWireVersion=0, maxWireVersion=17, maxDocumentSize=16777216, logicalSessionTimeoutMinutes=30, roundTripTimeNanos=321408700, setName='atlas-li7hrd-shard-0', canonicalAddress=ac-wujk5gc-shard-00-00.wckhfha.mongodb.net:27017, hosts=[ac-wujk5gc-shard-00-00.wckhfha.mongodb.net:27017, ac-wujk5gc-shard-00-02.wckhfha.mongodb.net:27017, ac-wujk5gc-shard-00-01.wckhfha.mongodb.net:27017], passives=[], arbiters=[], primary='ac-wujk5gc-shard-00-02.wckhfha.mongodb.net:27017', tagSet=TagSet{[Tag{name='availabilityZone', value='aps1-az1'}, Tag{name='nodeType', value='ELECTABLE'}, Tag{name='provider', value='AWS'}, Tag{name='region', value='AP_SOUTH_1'}, Tag{name='workloadType', value='OPERATIONAL'}]}, electionId=null, setVersion=4, topologyVersion=TopologyVersion{processId=656735250b0cbc33ed36fc15, counter=5}, lastWriteDate=Sun Dec 17 18:29:08 IST 2023, lastUpdateTimeNanos=118687119587700}
2023-12-17T18:29:08.339+05:30  INFO 17068 --- [ngodb.net:27017] org.mongodb.driver.cluster               : Monitor thread successfully connected to server with description ServerDescription{address=ac-wujk5gc-shard-00-02.wckhfha.mongodb.net:27017, type=REPLICA_SET_PRIMARY, state=CONNECTED, ok=true, minWireVersion=0, maxWireVersion=17, maxDocumentSize=16777216, logicalSessionTimeoutMinutes=30, roundTripTimeNanos=321036500, setName='atlas-li7hrd-shard-0', canonicalAddress=ac-wujk5gc-shard-00-02.wckhfha.mongodb.net:27017, hosts=[ac-wujk5gc-shard-00-00.wckhfha.mongodb.net:27017, ac-wujk5gc-shard-00-02.wckhfha.mongodb.net:27017, ac-wujk5gc-shard-00-01.wckhfha.mongodb.net:27017], passives=[], arbiters=[], primary='ac-wujk5gc-shard-00-02.wckhfha.mongodb.net:27017', tagSet=TagSet{[Tag{name='availabilityZone', value='aps1-az2'}, Tag{name='nodeType', value='ELECTABLE'}, Tag{name='provider', value='AWS'}, Tag{name='region', value='AP_SOUTH_1'}, Tag{name='workloadType', value='OPERATIONAL'}]}, electionId=7fffffff00000000000000f8, setVersion=4, topologyVersion=TopologyVersion{processId=6567371f0470b1380f25ac4e, counter=6}, lastWriteDate=Sun Dec 17 18:29:08 IST 2023, lastUpdateTimeNanos=118687119587600}
2023-12-17T18:29:08.343+05:30  INFO 17068 --- [ngodb.net:27017] org.mongodb.driver.cluster               : Discovered replica set primary ac-wujk5gc-shard-00-02.wckhfha.mongodb.net:27017 with max election id 7fffffff00000000000000f8 and max set version 4
2023-12-17T18:29:08.639+05:30  INFO 17068 --- [           main] c.example.youDo.YouDoApplicationTests    : Started YouDoApplicationTests in 2.52 seconds (process running for 3.407)
]]></system-out>
  </testcase>
</testsuite>